<?xml version="1.0" encoding="UTF-8"?>
<!-- Generated by org.testng.reporters.JUnitReportReporter -->
<testsuite skipped="0" hostname="LAPTOP-DGA8EDSP" name="pack2.Homepage" tests="1" failures="0" timestamp="06 Apr 2020 10:07:08 GMT" time="21.519" errors="0">
  <testcase name="Homepagenav" time="21.519" classname="pack2.Homepage"/>
</testsuite> <!-- pack2.Homepage -->
